d:\文档\ecnu\第五学期\计图\project1\debug\vc141.pdb
d:\文档\ecnu\第五学期\计图\project1\debug\vc141.idb
d:\文档\ecnu\第五学期\计图\project1\debug\main.obj
d:\文档\ecnu\第五学期\计图\project1\debug\d3dutility.obj
d:\文档\ecnu\第五学期\计图\project1\debug\project1.exe
d:\文档\ecnu\第五学期\计图\project1\debug\project1.ilk
d:\文档\ecnu\第五学期\计图\project1\debug\project1.pdb
d:\文档\ecnu\第五学期\计图\作业2-10154507139-李庆泉\project1\debug\d3dutility.obj
d:\文档\ecnu\第五学期\计图\作业2-10154507139-李庆泉\project1\debug\main.obj
d:\文档\ecnu\第五学期\计图\作业2-10154507139-李庆泉\project1\debug\project1.ilk
d:\文档\ecnu\第五学期\计图\作业2-10154507139-李庆泉\project1\debug\vc141.idb
d:\文档\ecnu\第五学期\计图\作业2-10154507139-李庆泉\project1\debug\project1.pdb
d:\文档\ecnu\第五学期\计图\作业2-10154507139-李庆泉\project1\debug\vc141.pdb
d:\文档\ecnu\第五学期\计图\作业2-10154507139-李庆泉\project1\debug\project1.exe
d:\文档\ecnu\第五学期\计图\作业2-10154507139-李庆泉\project1\debug\project1.tlog\cl.command.1.tlog
d:\文档\ecnu\第五学期\计图\作业2-10154507139-李庆泉\project1\debug\project1.tlog\cl.read.1.tlog
d:\文档\ecnu\第五学期\计图\作业2-10154507139-李庆泉\project1\debug\project1.tlog\cl.write.1.tlog
d:\文档\ecnu\第五学期\计图\作业2-10154507139-李庆泉\project1\debug\project1.tlog\link.command.1.tlog
d:\文档\ecnu\第五学期\计图\作业2-10154507139-李庆泉\project1\debug\project1.tlog\link.read.1.tlog
d:\文档\ecnu\第五学期\计图\作业2-10154507139-李庆泉\project1\debug\project1.tlog\link.write.1.tlog
